{"level":"fatal","ts":"2025-07-20T12:51:18.332+0330","caller":"cmd/main.go:18","msg":"dial tcp 127.0.0.1:6379: connect: connection refused","Category":"Redis","SubCategory":"Startup","stacktrace":"main.main\n\t/Users/dariush/Desktop/cars-api/src/cmd/main.go:18\nruntime.main\n\t/usr/local/go/src/runtime/proc.go:272"}
{"level":"fatal","ts":"2025-07-20T12:51:29.585+0330","caller":"cmd/main.go:18","msg":"dial tcp 127.0.0.1:6379: connect: connection refused","Category":"Redis","SubCategory":"Startup","stacktrace":"main.main\n\t/Users/dariush/Desktop/cars-api/src/cmd/main.go:18\nruntime.main\n\t/usr/local/go/src/runtime/proc.go:272"}
{"level":"info","ts":"2025-07-20T12:52:45.461+0330","caller":"db/postgres.go:38","msg":"DB conected successfuly.","Category":"Postgres","SubCategory":"Startup"}
{"level":"fatal","ts":"2025-07-20T17:10:17.072+0330","caller":"cmd/main.go:18","msg":"dial tcp 127.0.0.1:6379: connect: connection refused","Category":"Redis","SubCategory":"Startup","stacktrace":"main.main\n\t/Users/dariush/Desktop/cars-api/src/cmd/main.go:18\nruntime.main\n\t/usr/local/go/src/runtime/proc.go:272"}
{"level":"fatal","AppName":"MyApp","LoggerName":"Zerolog","Category":"Redis","SubCategory":"Startup","time":"2025-07-20T17:10:39+03:30","message":"dial tcp 127.0.0.1:6379: connect: connection refused"}
{"level":"info","ts":"2025-07-22T11:52:40.257+0330","caller":"db/postgres.go:38","msg":"DB conected successfuly.","Category":"Postgres","SubCategory":"Startup"}
{"level":"info","ts":"2025-07-22T11:52:40.634+0330","caller":"migrations/Init_1.go:29","msg":"tables created","Category":"Postgres","SubCategory":"Migration"}
{"level":"info","ts":"2025-07-22T12:02:38.357+0330","caller":"db/postgres.go:38","msg":"DB conected successfuly.","Category":"Postgres","SubCategory":"Startup"}
{"level":"info","ts":"2025-07-22T12:02:38.426+0330","caller":"migrations/Init_1.go:29","msg":"tables created","SubCategory":"Migration","Category":"Postgres"}
{"level":"info","ts":"2025-07-22T12:06:02.752+0330","caller":"db/postgres.go:38","msg":"DB conected successfuly.","SubCategory":"Startup","Category":"Postgres"}
{"level":"info","ts":"2025-07-22T12:06:02.805+0330","caller":"migrations/Init_1.go:29","msg":"tables created","Category":"Postgres","SubCategory":"Migration"}
{"level":"info","ts":"2025-07-22T12:08:36.260+0330","caller":"db/postgres.go:38","msg":"DB conected successfuly.","Category":"Postgres","SubCategory":"Startup"}
{"level":"info","ts":"2025-07-22T12:08:36.370+0330","caller":"migrations/Init_1.go:29","msg":"tables created","Category":"Postgres","SubCategory":"Migration"}
{"level":"info","ts":"2025-07-22T17:53:45.570+0330","caller":"db/postgres.go:38","msg":"DB conected successfuly.","Category":"Postgres","SubCategory":"Startup"}
{"level":"info","ts":"2025-07-22T17:53:45.844+0330","caller":"migrations/Init_1.go:38","msg":"tables created","Category":"Postgres","SubCategory":"Migration"}
{"level":"info","ts":"2025-07-24T12:48:57.061+0330","caller":"db/postgres.go:38","msg":"DB conected successfuly.","Category":"Postgres","SubCategory":"Startup"}
{"level":"info","ts":"2025-07-24T12:48:57.262+0330","caller":"migrations/Init_1.go:38","msg":"tables created","Category":"Postgres","SubCategory":"Migration"}
{"level":"info","ts":"2025-07-24T13:02:47.976+0330","caller":"db/postgres.go:38","msg":"DB conected successfuly.","Category":"Postgres","SubCategory":"Startup"}
{"level":"info","ts":"2025-07-24T13:02:48.114+0330","caller":"migrations/Init_1.go:38","msg":"tables created","Category":"Postgres","SubCategory":"Migration"}
{"level":"info","ts":"2025-07-24T13:09:48.366+0330","caller":"db/postgres.go:38","msg":"DB conected successfuly.","SubCategory":"Startup","Category":"Postgres"}
{"level":"info","ts":"2025-07-24T13:09:48.459+0330","caller":"migrations/Init_1.go:38","msg":"tables created","Category":"Postgres","SubCategory":"Migration"}
{"level":"info","ts":"2025-07-24T13:14:23.939+0330","caller":"db/postgres.go:38","msg":"DB conected successfuly.","Category":"Postgres","SubCategory":"Startup"}
{"level":"info","ts":"2025-07-24T13:14:24.034+0330","caller":"migrations/Init_1.go:38","msg":"tables created","Category":"Postgres","SubCategory":"Migration"}
{"level":"info","ts":"2025-07-24T15:35:58.341+0330","caller":"db/postgres.go:38","msg":"DB conected successfuly.","Category":"Postgres","SubCategory":"Startup"}
{"level":"info","ts":"2025-07-24T15:35:58.548+0330","caller":"migrations/Init_1.go:38","msg":"tables created","Category":"Postgres","SubCategory":"Migration"}
{"level":"info","ts":"2025-07-24T15:42:23.505+0330","caller":"db/postgres.go:38","msg":"DB conected successfuly.","Category":"Postgres","SubCategory":"Startup"}
{"level":"info","ts":"2025-07-24T15:42:23.701+0330","caller":"migrations/Init_1.go:38","msg":"tables created","Category":"Postgres","SubCategory":"Migration"}
{"level":"info","ts":"2025-07-24T15:43:47.702+0330","caller":"middlewares/Logger.go:73","msg":"","Latency":0.019733358,"StatusCode":500,"RequestBody":"{\n  \"mobileNumber\": \"01236547474\"\n}","ResponseBody":"","SubCategory":"Api","Path":"/api/v1/users/send-otp","ClientIp":"::1","Method":"POST","ErrorMessage":"","BodySize":0,"Category":"RequestResponse"}
{"level":"info","ts":"2025-07-24T15:44:37.179+0330","caller":"middlewares/Logger.go:73","msg":"","ClientIp":"::1","RequestBody":"{\n  \"mobileNumber\": \"09382448699\"\n}","ResponseBody":"","Category":"RequestResponse","SubCategory":"Api","Path":"/api/v1/users/send-otp","Method":"POST","Latency":0.014196614,"StatusCode":500,"ErrorMessage":"","BodySize":0}
{"level":"info","ts":"2025-07-24T15:47:27.436+0330","caller":"db/postgres.go:38","msg":"DB conected successfuly.","Category":"Postgres","SubCategory":"Startup"}
{"level":"info","ts":"2025-07-24T15:47:27.531+0330","caller":"migrations/Init_1.go:38","msg":"tables created","Category":"Postgres","SubCategory":"Migration"}
{"level":"info","ts":"2025-07-24T15:47:44.351+0330","caller":"middlewares/Logger.go:73","msg":"","ClientIp":"::1","ResponseBody":"{\"Result\":null,\"Success\":true,\"ResultCode\":0,\"Error\":null,\"VlaidationErrors\":null}","Category":"RequestResponse","BodySize":82,"RequestBody":"{\n  \"mobileNumber\": \"stringstrin\"\n}","SubCategory":"Api","Path":"/api/v1/users/send-otp","Method":"POST","Latency":0.015826191,"StatusCode":202,"ErrorMessage":""}
{"level":"info","ts":"2025-07-24T15:48:56.045+0330","caller":"middlewares/Logger.go:73","msg":"","ErrorMessage":"","RequestBody":"{\n  \"mobileNumber\": \"09382448699\"\n}","Path":"/api/v1/users/send-otp","ClientIp":"::1","Latency":0.003587079,"ResponseBody":"{\"Result\":null,\"Success\":true,\"ResultCode\":0,\"Error\":null,\"VlaidationErrors\":null}","Category":"RequestResponse","SubCategory":"Api","Method":"POST","StatusCode":202,"BodySize":82}
{"level":"info","ts":"2025-07-24T15:49:16.326+0330","caller":"middlewares/Logger.go:73","msg":"","Path":"/api/v1/users/send-otp","ClientIp":"::1","Method":"POST","ErrorMessage":"","BodySize":82,"SubCategory":"Api","Latency":0.003514693,"StatusCode":202,"RequestBody":"{\n  \"mobileNumber\": \"09382448699\"\n}","ResponseBody":"{\"Result\":null,\"Success\":true,\"ResultCode\":0,\"Error\":null,\"VlaidationErrors\":null}","Category":"RequestResponse"}
{"level":"info","ts":"2025-07-24T15:49:28.481+0330","caller":"middlewares/Logger.go:73","msg":"","ClientIp":"::1","Method":"POST","Latency":0.00349315,"BodySize":82,"ResponseBody":"{\"Result\":null,\"Success\":true,\"ResultCode\":0,\"Error\":null,\"VlaidationErrors\":null}","Category":"RequestResponse","SubCategory":"Api","Path":"/api/v1/users/send-otp","ErrorMessage":"","RequestBody":"{\n  \"mobileNumber\": \"09382448699\"\n}","StatusCode":202}
{"level":"info","ts":"2025-07-24T15:50:48.244+0330","caller":"middlewares/Logger.go:73","msg":"","Path":"/api/v1/users/send-otp","Latency":0.004937773,"ErrorMessage":"","BodySize":82,"RequestBody":"{\n  \"mobileNumber\": \"09382448699\"\n}","Category":"RequestResponse","SubCategory":"Api","ClientIp":"::1","Method":"POST","StatusCode":202,"ResponseBody":"{\"Result\":null,\"Success\":true,\"ResultCode\":0,\"Error\":null,\"VlaidationErrors\":null}"}
